<?xml version="1.0" encoding="UTF-8"?>
<testsuites>
<testsuite timestamp="2023-10-28T09:24:19" hostname="Shreeshiano" package="simple_formal" id="0" name="cover" tests="2" errors="0" failures="0" time="0" skipped="1">
<properties>
<property name="os" value="Linux"/>
<property name="expect" value="PASS"/>
<property name="status" value="PASS"/>
</properties>
<testcase classname="cover" name="build execution" time="0">
</testcase>
<testcase classname="cover" name="Property COVER in simple_formal at simple_formal.v:16.20-17.23" time="0" type="COVER" location="simple_formal.v:16.20-17.23" id="$cover$simple_formal.v:16$12" tracefile="engine_0/trace0.vcd">
</testcase>
<testcase classname="cover" name="Property ASSERT in simple_formal at simple_formal.v:15.16-16.19" time="0" type="ASSERT" location="simple_formal.v:15.16-16.19" id="$assert$simple_formal.v:15$11">
<skipped />
</testcase>
<system-out>SBY  9:24:19 [simple_formal_bmc] Removing directory '/home/shreeshiano/formalverif/riscv-formal-verif/simple_formal_bmc'.
SBY  9:24:19 [simple_formal_cover] Removing directory '/home/shreeshiano/formalverif/riscv-formal-verif/simple_formal_cover'.
SBY  9:24:19 [simple_formal_cover] Copy '/home/shreeshiano/formalverif/riscv-formal-verif/simple_formal.v' to '/home/shreeshiano/formalverif/riscv-formal-verif/simple_formal_cover/src/simple_formal.v'.
SBY  9:24:19 [simple_formal_cover] Copy '/home/shreeshiano/formalverif/riscv-formal-verif/simple.v' to '/home/shreeshiano/formalverif/riscv-formal-verif/simple_formal_cover/src/simple.v'.
SBY  9:24:19 [simple_formal_cover] engine_0: smtbmc
SBY  9:24:19 [simple_formal_cover] base: starting process &quot;cd simple_formal_cover/src; yosys -ql ../model/design.log ../model/design.ys&quot;
SBY  9:24:19 [simple_formal_cover] base: finished (returncode=0)
SBY  9:24:19 [simple_formal_cover] prep: starting process &quot;cd simple_formal_cover/model; yosys -ql design_prep.log design_prep.ys&quot;
SBY  9:24:19 [simple_formal_cover] prep: finished (returncode=0)
SBY  9:24:19 [simple_formal_cover] smt2: starting process &quot;cd simple_formal_cover/model; yosys -ql design_smt2.log design_smt2.ys&quot;
SBY  9:24:19 [simple_formal_cover] smt2: finished (returncode=0)
SBY  9:24:19 [simple_formal_cover] engine_0: starting process &quot;cd simple_formal_cover; yosys-smtbmc --presat --unroll -c --noprogress -t 10  --append 0 --dump-vcd engine_0/trace%.vcd --dump-yw engine_0/trace%.yw --dump-vlogtb engine_0/trace%_tb.v --dump-smtc engine_0/trace%.smtc model/design_smt2.smt2&quot;
SBY  9:24:19 [simple_formal_cover] engine_0: ##   0:00:00  Solver: yices
SBY  9:24:19 [simple_formal_cover] engine_0: ##   0:00:00  Checking cover reachability in step 0..
SBY  9:24:19 [simple_formal_cover] engine_0: ##   0:00:00  Reached cover statement at simple_formal.v:16.20-17.23 ($cover$simple_formal.v:16$12) in step 0.
SBY  9:24:19 [simple_formal_cover] engine_0: ##   0:00:00  Writing trace to VCD file: engine_0/trace0.vcd
SBY  9:24:19 [simple_formal_cover] engine_0: ##   0:00:00  Writing trace to Verilog testbench: engine_0/trace0_tb.v
SBY  9:24:19 [simple_formal_cover] engine_0: ##   0:00:00  Writing trace to constraints file: engine_0/trace0.smtc
SBY  9:24:19 [simple_formal_cover] engine_0: ##   0:00:00  Writing trace to Yosys witness file: engine_0/trace0.yw
SBY  9:24:19 [simple_formal_cover] engine_0: ##   0:00:00  Status: passed
SBY  9:24:19 [simple_formal_cover] engine_0: finished (returncode=0)
SBY  9:24:19 [simple_formal_cover] engine_0: Status returned by engine: pass
SBY  9:24:19 [simple_formal_cover] summary: Elapsed clock time [H:MM:SS (secs)]: 0:00:00 (0)
SBY  9:24:19 [simple_formal_cover] summary: Elapsed process time [H:MM:SS (secs)]: 0:00:00 (0)
SBY  9:24:19 [simple_formal_cover] summary: engine_0 (smtbmc) returned pass
SBY  9:24:19 [simple_formal_cover] summary: cover trace: simple_formal_cover/engine_0/trace0.vcd
SBY  9:24:19 [simple_formal_cover] summary:   reached cover statement simple_formal.$cover$simple_formal.v:16$12 at simple_formal.v:16.20-17.23 in step 0
SBY  9:24:19 [simple_formal_cover] DONE (PASS, rc=0)
</system-out>
<system-err>
</system-err>
</testsuite>
</testsuites>
